<?xml version="1.0" encoding="UTF-8"?>
<!-- Generated by org.testng.reporters.JUnitXMLReporter -->
<testsuite ignored="0" hostname="XEY-PC-PASANKA" failures="0" tests="3" name="Default test" time="3.53" errors="0" timestamp="2026-02-26T06:25:31 IST">
  <testcase classname="testCases2.TestClass2" name="method3" time="0.011"/>
  <testcase classname="testCases2.TestClass2" name="method4" time="3.415"/>
  <testcase classname="testCases2.TestClass2" name="method5" time="0.002"/>
</testsuite> <!-- Default test -->
