<?xml version="1.0" encoding="UTF-8"?>
<!-- Generated by org.testng.reporters.JUnitXMLReporter -->
<testsuite ignored="5" hostname="XEY-PC-PASANKA" failures="1" tests="2" name="Test 1" time="9.584" errors="0" timestamp="2026-03-02T10:08:17 IST">
  <testcase classname="testBase.BaseTestClass" name="@AfterMethod afterMethod" time="0.303">
    <failure type="java.lang.AssertionError" message="The following asserts failed:
	Unable to load application,
	Unable to enter captcha">
      <![CDATA[java.lang.AssertionError: The following asserts failed:
Unable to load application,
Unable to enter captcha
at keywords.GenericKeywords.reportAll(GenericKeywords.java:118)
at testBase.BaseTestClass.afterMethod(BaseTestClass.java:85)
at java.base/java.util.ArrayList.forEach(ArrayList.java:1604)
... Removed 32 stack frames]]>
    </failure>
  </testcase> <!-- @AfterMethod afterMethod -->
  <testcase classname="testBase.BaseTestClass" name="@BeforeMethod berforeMethod" time="0.001">
    <skipped/>
  </testcase> <!-- @BeforeMethod berforeMethod -->
  <testcase classname="testBase.BaseTestClass" name="@AfterMethod afterMethod" time="0.001">
    <failure type="java.lang.AssertionError" message="The following asserts failed:
	Unable to load application,
	Unable to enter captcha">
      <![CDATA[java.lang.AssertionError: The following asserts failed:
Unable to load application,
Unable to enter captcha
at keywords.GenericKeywords.reportAll(GenericKeywords.java:118)
at testBase.BaseTestClass.afterMethod(BaseTestClass.java:85)
at java.base/java.util.ArrayList.forEach(ArrayList.java:1604)
... Removed 32 stack frames]]>
    </failure>
  </testcase> <!-- @AfterMethod afterMethod -->
  <testcase classname="testCases2.TestClass2" name="method4" time="8.829">
    <failure type="java.lang.AssertionError" message="The following asserts failed:
	Unable to load application,
	Unable to enter captcha">
      <![CDATA[java.lang.AssertionError: The following asserts failed:
Unable to load application,
Unable to enter captcha
at keywords.GenericKeywords.reportAll(GenericKeywords.java:118)
at keywords.GenericKeywords.reportFailure(GenericKeywords.java:104)
at testCases2.TestClass2.method4(TestClass2.java:43)
at java.base/java.util.ArrayList.forEach(ArrayList.java:1604)
... Removed 27 stack frames]]>
    </failure>
  </testcase> <!-- method4 -->
  <testcase classname="testCases2.TestClass1" name="method2" time="0.0">
    <skipped/>
  </testcase> <!-- method2 -->
  <testcase classname="testCases2.TestClass2" name="method5" time="0.0">
    <ignored/>
  </testcase> <!-- method5 -->
  <testcase classname="testCases2.TestClass2" name="method3" time="0.0">
    <ignored/>
  </testcase> <!-- method3 -->
  <testcase classname="testBase.BaseTestClass" name="@BeforeTest beforeTest" time="0.0">
    <ignored/>
  </testcase> <!-- @BeforeTest beforeTest -->
  <testcase classname="testCases2.TestClass1" name="method1" time="0.0">
    <ignored/>
  </testcase> <!-- method1 -->
  <testcase classname="testBase.BaseTestClass" name="@AfterTest afterTest" time="0.0">
    <ignored/>
  </testcase> <!-- @AfterTest afterTest -->
</testsuite> <!-- Test 1 -->
