<?xml version="1.0" encoding="UTF-8"?>
<!-- Generated by org.testng.reporters.JUnitXMLReporter -->
<testsuite ignored="5" hostname="XEY-PC-PASANKA" failures="0" tests="2" name="Test 1" time="30.485" errors="0" timestamp="2026-03-01T13:57:11 IST">
  <testcase classname="testCases2.TestClass2" name="method4" time="29.457"/>
  <testcase classname="testCases2.TestClass1" name="method2" time="0.001"/>
  <testcase classname="testCases2.TestClass2" name="method5" time="0.0">
    <ignored/>
  </testcase> <!-- method5 -->
  <testcase classname="testCases2.TestClass2" name="method3" time="0.0">
    <ignored/>
  </testcase> <!-- method3 -->
  <testcase classname="testBase.BaseTestClass" name="@BeforeTest beforeTest" time="0.0">
    <ignored/>
  </testcase> <!-- @BeforeTest beforeTest -->
  <testcase classname="testCases2.TestClass1" name="method1" time="0.0">
    <ignored/>
  </testcase> <!-- method1 -->
  <testcase classname="testBase.BaseTestClass" name="@AfterTest afterTest" time="0.0">
    <ignored/>
  </testcase> <!-- @AfterTest afterTest -->
</testsuite> <!-- Test 1 -->
