<?xml version="1.0" encoding="UTF-8"?>
<!-- Generated by org.testng.reporters.JUnitXMLReporter -->
<testsuite ignored="5" hostname="XEY-PC-PASANKA" failures="0" tests="2" name="Test 1" time="27.237" errors="0" timestamp="2026-03-01T17:18:54 IST">
  <testcase classname="testBase.BaseTestClass" name="@AfterMethod afterMethod" time="0.379">
    <failure type="java.lang.AssertionError" message="The following asserts failed:
	Unable to enter captcha">
      <![CDATA[java.lang.AssertionError: The following asserts failed:
Unable to enter captcha
at keywords.GenericKeywords.reportAll(GenericKeywords.java:89)
at testBase.BaseTestClass.afterMethod(BaseTestClass.java:78)
at java.base/java.util.ArrayList.forEach(ArrayList.java:1604)
... Removed 32 stack frames]]>
    </failure>
  </testcase> <!-- @AfterMethod afterMethod -->
  <testcase classname="testBase.BaseTestClass" name="@AfterMethod afterMethod" time="0.001">
    <failure type="java.lang.AssertionError" message="The following asserts failed:
	Unable to enter captcha">
      <![CDATA[java.lang.AssertionError: The following asserts failed:
Unable to enter captcha
at keywords.GenericKeywords.reportAll(GenericKeywords.java:89)
at testBase.BaseTestClass.afterMethod(BaseTestClass.java:78)
at java.base/java.util.ArrayList.forEach(ArrayList.java:1604)
... Removed 32 stack frames]]>
    </failure>
  </testcase> <!-- @AfterMethod afterMethod -->
  <testcase classname="testCases2.TestClass2" name="method4" time="26.338"/>
  <testcase classname="testCases2.TestClass1" name="method2" time="0.002"/>
  <testcase classname="testCases2.TestClass2" name="method5" time="0.0">
    <ignored/>
  </testcase> <!-- method5 -->
  <testcase classname="testCases2.TestClass2" name="method3" time="0.0">
    <ignored/>
  </testcase> <!-- method3 -->
  <testcase classname="testBase.BaseTestClass" name="@BeforeTest beforeTest" time="0.0">
    <ignored/>
  </testcase> <!-- @BeforeTest beforeTest -->
  <testcase classname="testCases2.TestClass1" name="method1" time="0.0">
    <ignored/>
  </testcase> <!-- method1 -->
  <testcase classname="testBase.BaseTestClass" name="@AfterTest afterTest" time="0.0">
    <ignored/>
  </testcase> <!-- @AfterTest afterTest -->
</testsuite> <!-- Test 1 -->
