<?xml version="1.0" encoding="UTF-8"?>
<!-- Generated by org.testng.reporters.JUnitXMLReporter -->
<testsuite ignored="1" hostname="XEY-PC-PASANKA" failures="0" tests="5" name="Test" time="0.069" errors="0" timestamp="2026-02-25T20:53:03 IST">
  <testcase classname="testCases2.TestClass3" name="method6" time="0.01"/>
  <testcase classname="testCases2.TestClass1" name="method1" time="0.001"/>
  <testcase classname="testCases2.TestClass1" name="method2" time="0.001"/>
  <testcase classname="testCases2.TestClass2" name="method3" time="0.001"/>
  <testcase classname="testCases2.TestClass2" name="method4" time="0.001"/>
  <testcase classname="testCases2.TestClass2" name="method5" time="0.0">
    <ignored/>
  </testcase> <!-- method5 -->
</testsuite> <!-- Test -->
