<?xml version="1.0" encoding="UTF-8"?>
<!-- Generated by org.testng.reporters.JUnitXMLReporter -->
<testsuite ignored="2" hostname="XEY-PC-PASANKA" failures="0" tests="1" name="Test 3" time="0.053" errors="0" timestamp="2026-02-26T05:51:34 IST">
  <testcase classname="testCases2.TestClass2" name="method4" time="0.009"/>
  <testcase classname="testCases2.TestClass2" name="method5" time="0.0">
    <ignored/>
  </testcase> <!-- method5 -->
  <testcase classname="testCases2.TestClass2" name="method3" time="0.0">
    <ignored/>
  </testcase> <!-- method3 -->
</testsuite> <!-- Test 3 -->
