<?xml version="1.0" encoding="UTF-8"?>
<!-- Generated by org.testng.reporters.JUnitXMLReporter -->
<testsuite ignored="5" hostname="XEY-PC-PASANKA" failures="1" tests="2" name="Test 1" time="1.82" errors="0" timestamp="2026-02-26T06:33:48 IST">
  <testcase classname="testCases2.TestClass2" name="method4" time="1.722"/>
  <testcase classname="testCases2.TestClass1" name="method2" time="0.002">
    <failure type="java.lang.NullPointerException" message="Cannot invoke &amp;quot;keywords.ApplicationKeywords.openURL(String)&amp;quot; because &amp;quot;this.app&amp;quot; is null">
      <![CDATA[java.lang.NullPointerException: Cannot invoke "keywords.ApplicationKeywords.openURL(String)" because "this.app" is null
at testCases2.TestClass1.method2(TestClass1.java:21)
at java.base/java.util.ArrayList.forEach(ArrayList.java:1604)
... Removed 25 stack frames]]>
    </failure>
  </testcase> <!-- method2 -->
  <testcase classname="testCases2.TestClass1" name="method1" time="0.0">
    <ignored/>
  </testcase> <!-- method1 -->
  <testcase classname="testCases2.TestClass2" name="method5" time="0.0">
    <ignored/>
  </testcase> <!-- method5 -->
  <testcase classname="testBase.BaseTestClass" name="@AfterTest afterTest" time="0.0">
    <ignored/>
  </testcase> <!-- @AfterTest afterTest -->
  <testcase classname="testCases2.TestClass2" name="method3" time="0.0">
    <ignored/>
  </testcase> <!-- method3 -->
  <testcase classname="testBase.BaseTestClass" name="@BeforeTest beforeTest" time="0.0">
    <ignored/>
  </testcase> <!-- @BeforeTest beforeTest -->
</testsuite> <!-- Test 1 -->
