<?xml version="1.0" encoding="UTF-8"?>
<!-- Generated by org.testng.reporters.JUnitXMLReporter -->
<testsuite ignored="2" hostname="XEY-PC-PASANKA" failures="1" tests="1" name="Test 3" time="0.059" errors="0" timestamp="2026-02-26T06:08:16 IST">
  <testcase classname="testCases2.TestClass2" name="method4" time="0.011">
    <failure type="java.lang.NullPointerException">
      <![CDATA[java.lang.NullPointerException
at java.base/java.util.concurrent.ConcurrentHashMap.putVal(ConcurrentHashMap.java:1023)
at java.base/java.util.concurrent.ConcurrentHashMap.put(ConcurrentHashMap.java:1018)
at testCases2.TestClass2.method4(TestClass2.java:21)
at java.base/java.util.ArrayList.forEach(ArrayList.java:1604)
... Removed 27 stack frames]]>
    </failure>
  </testcase> <!-- method4 -->
  <testcase classname="testCases2.TestClass2" name="method5" time="0.0">
    <ignored/>
  </testcase> <!-- method5 -->
  <testcase classname="testCases2.TestClass2" name="method3" time="0.0">
    <ignored/>
  </testcase> <!-- method3 -->
</testsuite> <!-- Test 3 -->
