<?xml version="1.0" encoding="UTF-8"?>
<!-- Generated by org.testng.reporters.JUnitXMLReporter -->
<testsuite ignored="3" hostname="XEY-PC-PASANKA" failures="0" tests="2" name="Test" time="18.791" errors="0" timestamp="2026-03-05T20:27:14 IST">
  <testcase classname="testCases2.LoginOrangeHRM" name="loginOHRM" time="17.777"/>
  <testcase classname="testCases2.AddEducation" name="addEdu" time="0.002"/>
  <testcase classname="testBase.BaseTestClass" name="@BeforeTest beforeTest" time="0.0">
    <ignored/>
  </testcase> <!-- @BeforeTest beforeTest -->
  <testcase classname="testCases2.AddEducation" name="verifyEducationIsPresent" time="0.0">
    <ignored/>
  </testcase> <!-- verifyEducationIsPresent -->
  <testcase classname="testBase.BaseTestClass" name="@AfterTest afterTest" time="0.0">
    <ignored/>
  </testcase> <!-- @AfterTest afterTest -->
</testsuite> <!-- Test -->
