<?xml version="1.0" encoding="UTF-8"?>
<testng-results ignored="1" total="3" passed="2" failed="0" skipped="0">
  <reporter-output>
  </reporter-output>
  <suite started-at="2026-03-05T20:26:55 IST" name="Suite" finished-at="2026-03-05T20:27:14 IST" duration-ms="18791">
    <groups>
    </groups>
    <test started-at="2026-03-05T20:26:55 IST" name="Test" finished-at="2026-03-05T20:27:14 IST" duration-ms="18791">
      <class name="testCases2.LoginOrangeHRM">
        <test-method is-config="true" signature="beforeTest(org.testng.ITestContext)[pri:0, instance:testCases2.LoginOrangeHRM@48fa0f47]" started-at="2026-03-05T20:26:55 IST" name="beforeTest" finished-at="2026-03-05T20:26:55 IST" duration-ms="267" status="PASS">
          <params>
            <param index="0">
              <value>
                <![CDATA[org.testng.TestRunner@131fcb6f]]>
              </value>
            </param>
          </params>
          <reporter-output>
          </reporter-output>
        </test-method> <!-- beforeTest -->
        <test-method is-config="true" signature="berforeMethod(org.testng.ITestContext)[pri:0, instance:testCases2.LoginOrangeHRM@48fa0f47]" started-at="2026-03-05T20:26:55 IST" name="berforeMethod" finished-at="2026-03-05T20:26:55 IST" duration-ms="1" status="PASS">
          <params>
            <param index="0">
              <value>
                <![CDATA[org.testng.TestRunner@131fcb6f]]>
              </value>
            </param>
          </params>
          <reporter-output>
          </reporter-output>
        </test-method> <!-- berforeMethod -->
        <test-method signature="loginOHRM()[pri:0, instance:testCases2.LoginOrangeHRM@48fa0f47]" started-at="2026-03-05T20:26:55 IST" name="loginOHRM" finished-at="2026-03-05T20:27:13 IST" duration-ms="17777" status="PASS">
          <reporter-output>
          </reporter-output>
        </test-method> <!-- loginOHRM -->
        <test-method is-config="true" signature="afterMethod(org.testng.ITestContext)[pri:0, instance:testCases2.LoginOrangeHRM@48fa0f47]" started-at="2026-03-05T20:27:13 IST" name="afterMethod" finished-at="2026-03-05T20:27:13 IST" duration-ms="0" status="PASS">
          <params>
            <param index="0">
              <value>
                <![CDATA[org.testng.TestRunner@131fcb6f]]>
              </value>
            </param>
          </params>
          <reporter-output>
          </reporter-output>
        </test-method> <!-- afterMethod -->
        <test-method is-config="true" signature="afterTest(org.testng.ITestContext)[pri:0, instance:testCases2.LoginOrangeHRM@48fa0f47]" started-at="2026-03-05T20:27:13 IST" name="afterTest" finished-at="2026-03-05T20:27:14 IST" duration-ms="699" status="PASS">
          <params>
            <param index="0">
              <value>
                <![CDATA[org.testng.TestRunner@131fcb6f]]>
              </value>
            </param>
          </params>
          <reporter-output>
          </reporter-output>
        </test-method> <!-- afterTest -->
      </class> <!-- testCases2.LoginOrangeHRM -->
      <class name="testCases2.AddEducation">
        <test-method signature="addEdu()[pri:0, instance:testCases2.AddEducation@161479c6]" started-at="2026-03-05T20:27:13 IST" name="addEdu" finished-at="2026-03-05T20:27:13 IST" duration-ms="2" status="PASS">
          <reporter-output>
          </reporter-output>
        </test-method> <!-- addEdu -->
        <test-method is-config="true" signature="berforeMethod(org.testng.ITestContext)[pri:0, instance:testCases2.AddEducation@161479c6]" started-at="2026-03-05T20:27:13 IST" name="berforeMethod" finished-at="2026-03-05T20:27:13 IST" duration-ms="0" status="PASS">
          <params>
            <param index="0">
              <value>
                <![CDATA[org.testng.TestRunner@131fcb6f]]>
              </value>
            </param>
          </params>
          <reporter-output>
          </reporter-output>
        </test-method> <!-- berforeMethod -->
        <test-method is-config="true" signature="afterMethod(org.testng.ITestContext)[pri:0, instance:testCases2.AddEducation@161479c6]" started-at="2026-03-05T20:27:13 IST" name="afterMethod" finished-at="2026-03-05T20:27:13 IST" duration-ms="4" status="PASS">
          <params>
            <param index="0">
              <value>
                <![CDATA[org.testng.TestRunner@131fcb6f]]>
              </value>
            </param>
          </params>
          <reporter-output>
          </reporter-output>
        </test-method> <!-- afterMethod -->
      </class> <!-- testCases2.AddEducation -->
    </test> <!-- Test -->
  </suite> <!-- Suite -->
</testng-results>
