<?xml version="1.0" encoding="UTF-8"?>
<testng-results ignored="3" total="5" passed="1" failed="1" skipped="0">
  <reporter-output>
  </reporter-output>
  <suite started-at="2026-03-02T11:40:45 IST" name="Suite" finished-at="2026-03-02T11:41:02 IST" duration-ms="16495">
    <groups>
    </groups>
    <test started-at="2026-03-02T11:40:45 IST" name="Test 1" finished-at="2026-03-02T11:41:02 IST" duration-ms="16495">
      <class name="testCases2.TestClass1">
        <test-method is-config="true" signature="berforeMethod(org.testng.ITestContext)[pri:0, instance:testCases2.TestClass1@8dbdac1]" started-at="2026-03-02T11:41:01 IST" name="berforeMethod" finished-at="2026-03-02T11:41:01 IST" duration-ms="0" status="PASS">
          <params>
            <param index="0">
              <value>
                <![CDATA[org.testng.TestRunner@6050462a]]>
              </value>
            </param>
          </params>
          <reporter-output>
          </reporter-output>
        </test-method> <!-- berforeMethod -->
        <test-method signature="method2()[pri:0, instance:testCases2.TestClass1@8dbdac1]" started-at="2026-03-02T11:41:01 IST" name="method2" finished-at="2026-03-02T11:41:01 IST" duration-ms="1" status="PASS">
          <reporter-output>
          </reporter-output>
        </test-method> <!-- method2 -->
        <test-method is-config="true" signature="afterMethod(org.testng.ITestContext)[pri:0, instance:testCases2.TestClass1@8dbdac1]" started-at="2026-03-02T11:41:01 IST" name="afterMethod" finished-at="2026-03-02T11:41:01 IST" duration-ms="0" status="PASS">
          <params>
            <param index="0">
              <value>
                <![CDATA[org.testng.TestRunner@6050462a]]>
              </value>
            </param>
          </params>
          <reporter-output>
          </reporter-output>
        </test-method> <!-- afterMethod -->
      </class> <!-- testCases2.TestClass1 -->
      <class name="testCases2.TestClass2">
        <test-method is-config="true" signature="beforeTest(org.testng.ITestContext)[pri:0, instance:testCases2.TestClass2@15ff3e9e]" started-at="2026-03-02T11:40:45 IST" name="beforeTest" finished-at="2026-03-02T11:40:46 IST" duration-ms="547" status="PASS">
          <params>
            <param index="0">
              <value>
                <![CDATA[org.testng.TestRunner@6050462a]]>
              </value>
            </param>
          </params>
          <reporter-output>
          </reporter-output>
        </test-method> <!-- beforeTest -->
        <test-method is-config="true" signature="berforeMethod(org.testng.ITestContext)[pri:0, instance:testCases2.TestClass2@15ff3e9e]" started-at="2026-03-02T11:40:46 IST" name="berforeMethod" finished-at="2026-03-02T11:40:46 IST" duration-ms="2" status="PASS">
          <params>
            <param index="0">
              <value>
                <![CDATA[org.testng.TestRunner@6050462a]]>
              </value>
            </param>
          </params>
          <reporter-output>
          </reporter-output>
        </test-method> <!-- berforeMethod -->
        <test-method signature="method4()[pri:0, instance:testCases2.TestClass2@15ff3e9e]" started-at="2026-03-02T11:40:46 IST" name="method4" finished-at="2026-03-02T11:40:50 IST" duration-ms="4059" status="FAIL">
          <exception class="org.openqa.selenium.WebDriverException">
            <message>
              <![CDATA[unknown error: net::ERR_NAME_NOT_RESOLVED
  (Session info: chrome=145.0.7632.117)
Build info: version: '4.38.0', revision: '6b412e825c*'
System info: os.name: 'Windows 11', os.arch: 'amd64', os.version: '10.0', java.version: '25'
Driver info: org.openqa.selenium.chrome.ChromeDriver
Command: [98d2a4dfdea980c545056815471a3add, get {url=https://moneyxxxx.rediffxxxxxxx.com/}]
Capabilities {acceptInsecureCerts: false, browserName: chrome, browserVersion: 145.0.7632.117, chrome: {chromedriverVersion: 145.0.7632.117 (de4e5d6e13b..., userDataDir: C:\Users\PASANK~1\AppData\L...}, fedcm:accounts: true, goog:chromeOptions: {debuggerAddress: localhost:52355}, goog:processID: 16864, networkConnectionEnabled: false, pageLoadStrategy: normal, platformName: windows, proxy: Proxy(), se:cdp: ws://localhost:52355/devtoo..., se:cdpVersion: 145.0.7632.117, setWindowRect: true, strictFileInteractability: false, timeouts: {implicit: 0, pageLoad: 300000, script: 30000}, unhandledPromptBehavior: dismiss and notify, webauthn:extension:credBlob: true, webauthn:extension:largeBlob: true, webauthn:extension:minPinLength: true, webauthn:extension:prf: true, webauthn:virtualAuthenticators: true}
Session ID: 98d2a4dfdea980c545056815471a3add]]>
            </message>
            <full-stacktrace>
              <![CDATA[org.openqa.selenium.WebDriverException: unknown error: net::ERR_NAME_NOT_RESOLVED
  (Session info: chrome=145.0.7632.117)
Build info: version: '4.38.0', revision: '6b412e825c*'
System info: os.name: 'Windows 11', os.arch: 'amd64', os.version: '10.0', java.version: '25'
Driver info: org.openqa.selenium.chrome.ChromeDriver
Command: [98d2a4dfdea980c545056815471a3add, get {url=https://moneyxxxx.rediffxxxxxxx.com/}]
Capabilities {acceptInsecureCerts: false, browserName: chrome, browserVersion: 145.0.7632.117, chrome: {chromedriverVersion: 145.0.7632.117 (de4e5d6e13b..., userDataDir: C:\Users\PASANK~1\AppData\L...}, fedcm:accounts: true, goog:chromeOptions: {debuggerAddress: localhost:52355}, goog:processID: 16864, networkConnectionEnabled: false, pageLoadStrategy: normal, platformName: windows, proxy: Proxy(), se:cdp: ws://localhost:52355/devtoo..., se:cdpVersion: 145.0.7632.117, setWindowRect: true, strictFileInteractability: false, timeouts: {implicit: 0, pageLoad: 300000, script: 30000}, unhandledPromptBehavior: dismiss and notify, webauthn:extension:credBlob: true, webauthn:extension:largeBlob: true, webauthn:extension:minPinLength: true, webauthn:extension:prf: true, webauthn:virtualAuthenticators: true}
Session ID: 98d2a4dfdea980c545056815471a3add
at java.base/jdk.internal.reflect.DirectConstructorHandleAccessor.newInstance(DirectConstructorHandleAccessor.java:62)
at java.base/java.lang.reflect.Constructor.newInstanceWithCaller(Constructor.java:499)
at java.base/java.lang.reflect.Constructor.newInstance(Constructor.java:483)
at org.openqa.selenium.remote.ErrorCodec.decode(ErrorCodec.java:167)
at org.openqa.selenium.remote.codec.w3c.W3CHttpResponseCodec.decode(W3CHttpResponseCodec.java:138)
at org.openqa.selenium.remote.codec.w3c.W3CHttpResponseCodec.decode(W3CHttpResponseCodec.java:50)
at org.openqa.selenium.remote.HttpCommandExecutor.execute(HttpCommandExecutor.java:215)
at org.openqa.selenium.remote.service.DriverCommandExecutor.invokeExecute(DriverCommandExecutor.java:216)
at org.openqa.selenium.remote.service.DriverCommandExecutor.execute(DriverCommandExecutor.java:174)
at org.openqa.selenium.remote.RemoteWebDriver.execute(RemoteWebDriver.java:557)
at org.openqa.selenium.remote.RemoteWebDriver.get(RemoteWebDriver.java:325)
at keywords.GenericKeywords.openURL(GenericKeywords.java:161)
at testCases2.TestClass2.method4(TestClass2.java:34)
at java.base/jdk.internal.reflect.DirectMethodHandleAccessor.invoke(DirectMethodHandleAccessor.java:104)
at java.base/java.lang.reflect.Method.invoke(Method.java:565)
at org.testng.internal.invokers.MethodInvocationHelper.invokeMethod(MethodInvocationHelper.java:141)
at org.testng.internal.invokers.TestInvoker.invokeMethod(TestInvoker.java:687)
at org.testng.internal.invokers.TestInvoker.invokeTestMethod(TestInvoker.java:230)
at org.testng.internal.invokers.MethodRunner.runInSequence(MethodRunner.java:63)
at org.testng.internal.invokers.TestInvoker$MethodInvocationAgent.invoke(TestInvoker.java:995)
at org.testng.internal.invokers.TestInvoker.invokeTestMethods(TestInvoker.java:203)
at org.testng.internal.invokers.TestMethodWorker.invokeTestMethods(TestMethodWorker.java:154)
at org.testng.internal.invokers.TestMethodWorker.run(TestMethodWorker.java:134)
at java.base/java.util.ArrayList.forEach(ArrayList.java:1604)
at org.testng.TestRunner.privateRun(TestRunner.java:741)
at org.testng.TestRunner.run(TestRunner.java:616)
at org.testng.SuiteRunner.runTest(SuiteRunner.java:421)
at org.testng.SuiteRunner.runSequentially(SuiteRunner.java:413)
at org.testng.SuiteRunner.privateRun(SuiteRunner.java:373)
at org.testng.SuiteRunner.run(SuiteRunner.java:312)
at org.testng.SuiteRunnerWorker.runSuite(SuiteRunnerWorker.java:52)
at org.testng.SuiteRunnerWorker.run(SuiteRunnerWorker.java:95)
at org.testng.TestNG.runSuitesSequentially(TestNG.java:1274)
at org.testng.TestNG.runSuitesLocally(TestNG.java:1208)
at org.testng.TestNG.runSuites(TestNG.java:1112)
at org.testng.TestNG.run(TestNG.java:1079)
at org.testng.remote.AbstractRemoteTestNG.run(AbstractRemoteTestNG.java:115)
at org.testng.remote.RemoteTestNG.initAndRun(RemoteTestNG.java:293)
at org.testng.remote.RemoteTestNG.main(RemoteTestNG.java:91)
]]>
            </full-stacktrace>
          </exception> <!-- org.openqa.selenium.WebDriverException -->
          <reporter-output>
          </reporter-output>
        </test-method> <!-- method4 -->
        <test-method is-config="true" signature="afterMethod(org.testng.ITestContext)[pri:0, instance:testCases2.TestClass2@15ff3e9e]" started-at="2026-03-02T11:40:50 IST" name="afterMethod" finished-at="2026-03-02T11:41:01 IST" duration-ms="11175" status="PASS">
          <params>
            <param index="0">
              <value>
                <![CDATA[org.testng.TestRunner@6050462a]]>
              </value>
            </param>
          </params>
          <reporter-output>
          </reporter-output>
        </test-method> <!-- afterMethod -->
        <test-method is-config="true" signature="afterTest(org.testng.ITestContext)[pri:0, instance:testCases2.TestClass2@15ff3e9e]" started-at="2026-03-02T11:41:01 IST" name="afterTest" finished-at="2026-03-02T11:41:02 IST" duration-ms="590" status="PASS">
          <params>
            <param index="0">
              <value>
                <![CDATA[org.testng.TestRunner@6050462a]]>
              </value>
            </param>
          </params>
          <reporter-output>
          </reporter-output>
        </test-method> <!-- afterTest -->
      </class> <!-- testCases2.TestClass2 -->
    </test> <!-- Test 1 -->
  </suite> <!-- Suite -->
</testng-results>
