<?xml version="1.0" encoding="UTF-8"?>
<testng-results ignored="0" total="1" passed="1" failed="0" skipped="0">
  <reporter-output>
  </reporter-output>
  <suite started-at="2026-02-13T08:13:46 IST" name="Default suite" finished-at="2026-02-13T08:13:57 IST" duration-ms="10483">
    <groups>
    </groups>
    <test started-at="2026-02-13T08:13:46 IST" name="Default test" finished-at="2026-02-13T08:13:57 IST" duration-ms="10483">
      <class name="testCases.CreatePortfolioTest">
        <test-method signature="createProtfolioTest()[pri:0, instance:testCases.CreatePortfolioTest@6ca8564a]" started-at="2026-02-13T08:13:46 IST" name="createProtfolioTest" finished-at="2026-02-13T08:13:57 IST" duration-ms="10447" status="PASS">
          <reporter-output>
          </reporter-output>
        </test-method> <!-- createProtfolioTest -->
      </class> <!-- testCases.CreatePortfolioTest -->
    </test> <!-- Default test -->
  </suite> <!-- Default suite -->
</testng-results>
