<?xml version="1.0" encoding="UTF-8"?>
<testng-results ignored="0" total="2" passed="2" failed="0" skipped="0">
  <reporter-output>
  </reporter-output>
  <suite started-at="2026-03-02T15:51:24 IST" name="Suite" finished-at="2026-03-02T15:53:16 IST" duration-ms="111636">
    <groups>
    </groups>
    <test started-at="2026-03-02T15:51:24 IST" name="Test" finished-at="2026-03-02T15:53:16 IST" duration-ms="111636">
      <class name="testCases2.LoginOrangeHRM">
        <test-method is-config="true" signature="beforeTest(org.testng.ITestContext)[pri:0, instance:testCases2.LoginOrangeHRM@1a451d4d]" started-at="2026-03-02T15:51:24 IST" name="beforeTest" finished-at="2026-03-02T15:51:25 IST" duration-ms="478" status="PASS">
          <params>
            <param index="0">
              <value>
                <![CDATA[org.testng.TestRunner@5b2f8ab6]]>
              </value>
            </param>
          </params>
          <reporter-output>
          </reporter-output>
        </test-method> <!-- beforeTest -->
        <test-method is-config="true" signature="berforeMethod(org.testng.ITestContext)[pri:0, instance:testCases2.LoginOrangeHRM@1a451d4d]" started-at="2026-03-02T15:51:25 IST" name="berforeMethod" finished-at="2026-03-02T15:51:25 IST" duration-ms="1" status="PASS">
          <params>
            <param index="0">
              <value>
                <![CDATA[org.testng.TestRunner@5b2f8ab6]]>
              </value>
            </param>
          </params>
          <reporter-output>
          </reporter-output>
        </test-method> <!-- berforeMethod -->
        <test-method signature="loginOHRM()[pri:0, instance:testCases2.LoginOrangeHRM@1a451d4d]" started-at="2026-03-02T15:51:25 IST" name="loginOHRM" finished-at="2026-03-02T15:53:14 IST" duration-ms="108955" status="PASS">
          <reporter-output>
          </reporter-output>
        </test-method> <!-- loginOHRM -->
        <test-method is-config="true" signature="afterMethod(org.testng.ITestContext)[pri:0, instance:testCases2.LoginOrangeHRM@1a451d4d]" started-at="2026-03-02T15:53:14 IST" name="afterMethod" finished-at="2026-03-02T15:53:14 IST" duration-ms="5" status="PASS">
          <params>
            <param index="0">
              <value>
                <![CDATA[org.testng.TestRunner@5b2f8ab6]]>
              </value>
            </param>
          </params>
          <reporter-output>
          </reporter-output>
        </test-method> <!-- afterMethod -->
        <test-method is-config="true" signature="afterTest(org.testng.ITestContext)[pri:0, instance:testCases2.LoginOrangeHRM@1a451d4d]" started-at="2026-03-02T15:53:14 IST" name="afterTest" finished-at="2026-03-02T15:53:16 IST" duration-ms="2104" status="PASS">
          <params>
            <param index="0">
              <value>
                <![CDATA[org.testng.TestRunner@5b2f8ab6]]>
              </value>
            </param>
          </params>
          <reporter-output>
          </reporter-output>
        </test-method> <!-- afterTest -->
      </class> <!-- testCases2.LoginOrangeHRM -->
      <class name="testCases2.AddEducation">
        <test-method is-config="true" signature="berforeMethod(org.testng.ITestContext)[pri:0, instance:testCases2.AddEducation@5e0826e7]" started-at="2026-03-02T15:53:14 IST" name="berforeMethod" finished-at="2026-03-02T15:53:14 IST" duration-ms="1" status="PASS">
          <params>
            <param index="0">
              <value>
                <![CDATA[org.testng.TestRunner@5b2f8ab6]]>
              </value>
            </param>
          </params>
          <reporter-output>
          </reporter-output>
        </test-method> <!-- berforeMethod -->
        <test-method signature="addEdu()[pri:0, instance:testCases2.AddEducation@5e0826e7]" started-at="2026-03-02T15:53:14 IST" name="addEdu" finished-at="2026-03-02T15:53:14 IST" duration-ms="14" status="PASS">
          <reporter-output>
          </reporter-output>
        </test-method> <!-- addEdu -->
        <test-method is-config="true" signature="afterMethod(org.testng.ITestContext)[pri:0, instance:testCases2.AddEducation@5e0826e7]" started-at="2026-03-02T15:53:14 IST" name="afterMethod" finished-at="2026-03-02T15:53:14 IST" duration-ms="1" status="PASS">
          <params>
            <param index="0">
              <value>
                <![CDATA[org.testng.TestRunner@5b2f8ab6]]>
              </value>
            </param>
          </params>
          <reporter-output>
          </reporter-output>
        </test-method> <!-- afterMethod -->
      </class> <!-- testCases2.AddEducation -->
    </test> <!-- Test -->
  </suite> <!-- Suite -->
</testng-results>
