<?xml version="1.0" encoding="UTF-8"?>
<testng-results ignored="3" total="6" passed="3" failed="0" skipped="0">
  <reporter-output>
  </reporter-output>
  <suite started-at="2026-02-26T05:51:34 IST" name="Suite" finished-at="2026-02-26T05:51:34 IST" duration-ms="126">
    <groups>
    </groups>
    <test started-at="2026-02-26T05:51:34 IST" name="Test 3" finished-at="2026-02-26T05:51:34 IST" duration-ms="53">
      <class name="testCases2.TestClass2">
        <test-method is-config="true" signature="berforeMethod()[pri:0, instance:testCases2.TestClass2@6ca8564a]" started-at="2026-02-26T05:51:34 IST" name="berforeMethod" finished-at="2026-02-26T05:51:34 IST" duration-ms="7" status="PASS">
          <reporter-output>
          </reporter-output>
        </test-method> <!-- berforeMethod -->
        <test-method signature="method4()[pri:0, instance:testCases2.TestClass2@6ca8564a]" started-at="2026-02-26T05:51:34 IST" name="method4" finished-at="2026-02-26T05:51:34 IST" duration-ms="9" status="PASS">
          <reporter-output>
          </reporter-output>
        </test-method> <!-- method4 -->
        <test-method is-config="true" signature="afterMethod()[pri:0, instance:testCases2.TestClass2@6ca8564a]" started-at="2026-02-26T05:51:34 IST" name="afterMethod" finished-at="2026-02-26T05:51:34 IST" duration-ms="1" status="PASS">
          <reporter-output>
          </reporter-output>
        </test-method> <!-- afterMethod -->
      </class> <!-- testCases2.TestClass2 -->
    </test> <!-- Test 3 -->
    <test started-at="2026-02-26T05:51:34 IST" name="Test 1" finished-at="2026-02-26T05:51:34 IST" duration-ms="6">
      <class name="testCases2.TestClass1">
        <test-method is-config="true" signature="berforeMethod()[pri:0, instance:testCases2.TestClass1@5876a9af]" started-at="2026-02-26T05:51:34 IST" name="berforeMethod" finished-at="2026-02-26T05:51:34 IST" duration-ms="1" status="PASS">
          <reporter-output>
          </reporter-output>
        </test-method> <!-- berforeMethod -->
        <test-method signature="method2()[pri:0, instance:testCases2.TestClass1@5876a9af]" started-at="2026-02-26T05:51:34 IST" name="method2" finished-at="2026-02-26T05:51:34 IST" duration-ms="2" status="PASS">
          <reporter-output>
          </reporter-output>
        </test-method> <!-- method2 -->
        <test-method is-config="true" signature="afterMethod()[pri:0, instance:testCases2.TestClass1@5876a9af]" started-at="2026-02-26T05:51:34 IST" name="afterMethod" finished-at="2026-02-26T05:51:34 IST" duration-ms="1" status="PASS">
          <reporter-output>
          </reporter-output>
        </test-method> <!-- afterMethod -->
      </class> <!-- testCases2.TestClass1 -->
    </test> <!-- Test 1 -->
    <test started-at="2026-02-26T05:51:34 IST" name="Test 2" finished-at="2026-02-26T05:51:34 IST" duration-ms="9">
      <class name="testCases2.TestClass3">
        <test-method signature="method6()[pri:0, instance:testCases2.TestClass3@6b81ce95]" started-at="2026-02-26T05:51:34 IST" name="method6" finished-at="2026-02-26T05:51:34 IST" duration-ms="2" status="PASS">
          <reporter-output>
          </reporter-output>
        </test-method> <!-- method6 -->
        <test-method is-config="true" signature="berforeMethod()[pri:0, instance:testCases2.TestClass3@6b81ce95]" started-at="2026-02-26T05:51:34 IST" name="berforeMethod" finished-at="2026-02-26T05:51:34 IST" duration-ms="0" status="PASS">
          <reporter-output>
          </reporter-output>
        </test-method> <!-- berforeMethod -->
        <test-method is-config="true" signature="afterMethod()[pri:0, instance:testCases2.TestClass3@6b81ce95]" started-at="2026-02-26T05:51:34 IST" name="afterMethod" finished-at="2026-02-26T05:51:34 IST" duration-ms="1" status="PASS">
          <reporter-output>
          </reporter-output>
        </test-method> <!-- afterMethod -->
      </class> <!-- testCases2.TestClass3 -->
    </test> <!-- Test 2 -->
  </suite> <!-- Suite -->
</testng-results>
