<?xml version="1.0" encoding="UTF-8"?>
<testng-results ignored="3" total="5" passed="2" failed="0" skipped="0">
  <reporter-output>
  </reporter-output>
  <suite started-at="2026-02-27T22:37:13 IST" name="Suite" finished-at="2026-02-27T22:37:20 IST" duration-ms="7268">
    <groups>
    </groups>
    <test started-at="2026-02-27T22:37:13 IST" name="Test 1" finished-at="2026-02-27T22:37:20 IST" duration-ms="7268">
      <class name="testCases2.TestClass1">
        <test-method is-config="true" signature="berforeMethod(org.testng.ITestContext)[pri:0, instance:testCases2.TestClass1@32eff876]" started-at="2026-02-27T22:37:14 IST" name="berforeMethod" finished-at="2026-02-27T22:37:14 IST" duration-ms="1" status="PASS">
          <params>
            <param index="0">
              <value>
                <![CDATA[org.testng.TestRunner@5ca1f591]]>
              </value>
            </param>
          </params>
          <reporter-output>
          </reporter-output>
        </test-method> <!-- berforeMethod -->
        <test-method signature="method2()[pri:0, instance:testCases2.TestClass1@32eff876]" started-at="2026-02-27T22:37:14 IST" name="method2" finished-at="2026-02-27T22:37:19 IST" duration-ms="5200" status="PASS">
          <reporter-output>
          </reporter-output>
        </test-method> <!-- method2 -->
        <test-method is-config="true" signature="afterMethod()[pri:0, instance:testCases2.TestClass1@32eff876]" started-at="2026-02-27T22:37:19 IST" name="afterMethod" finished-at="2026-02-27T22:37:19 IST" duration-ms="9" status="PASS">
          <reporter-output>
          </reporter-output>
        </test-method> <!-- afterMethod -->
      </class> <!-- testCases2.TestClass1 -->
      <class name="testCases2.TestClass2">
        <test-method is-config="true" signature="beforeTest(org.testng.ITestContext)[pri:0, instance:testCases2.TestClass2@7fa98a66]" started-at="2026-02-27T22:37:13 IST" name="beforeTest" finished-at="2026-02-27T22:37:13 IST" duration-ms="188" status="PASS">
          <params>
            <param index="0">
              <value>
                <![CDATA[org.testng.TestRunner@5ca1f591]]>
              </value>
            </param>
          </params>
          <reporter-output>
          </reporter-output>
        </test-method> <!-- beforeTest -->
        <test-method is-config="true" signature="berforeMethod(org.testng.ITestContext)[pri:0, instance:testCases2.TestClass2@7fa98a66]" started-at="2026-02-27T22:37:13 IST" name="berforeMethod" finished-at="2026-02-27T22:37:13 IST" duration-ms="1" status="PASS">
          <params>
            <param index="0">
              <value>
                <![CDATA[org.testng.TestRunner@5ca1f591]]>
              </value>
            </param>
          </params>
          <reporter-output>
          </reporter-output>
        </test-method> <!-- berforeMethod -->
        <test-method signature="method4()[pri:0, instance:testCases2.TestClass2@7fa98a66]" started-at="2026-02-27T22:37:13 IST" name="method4" finished-at="2026-02-27T22:37:14 IST" duration-ms="1275" status="PASS">
          <reporter-output>
          </reporter-output>
        </test-method> <!-- method4 -->
        <test-method is-config="true" signature="afterMethod()[pri:0, instance:testCases2.TestClass2@7fa98a66]" started-at="2026-02-27T22:37:14 IST" name="afterMethod" finished-at="2026-02-27T22:37:14 IST" duration-ms="1" status="PASS">
          <reporter-output>
          </reporter-output>
        </test-method> <!-- afterMethod -->
        <test-method is-config="true" signature="afterTest(org.testng.ITestContext)[pri:0, instance:testCases2.TestClass2@7fa98a66]" started-at="2026-02-27T22:37:19 IST" name="afterTest" finished-at="2026-02-27T22:37:20 IST" duration-ms="561" status="PASS">
          <params>
            <param index="0">
              <value>
                <![CDATA[org.testng.TestRunner@5ca1f591]]>
              </value>
            </param>
          </params>
          <reporter-output>
          </reporter-output>
        </test-method> <!-- afterTest -->
      </class> <!-- testCases2.TestClass2 -->
    </test> <!-- Test 1 -->
  </suite> <!-- Suite -->
</testng-results>
