<?xml version="1.0" encoding="UTF-8"?>
<testng-results ignored="1" total="6" passed="5" failed="0" skipped="0">
  <reporter-output>
  </reporter-output>
  <suite started-at="2026-02-25T20:53:03 IST" name="Suite" finished-at="2026-02-25T20:53:03 IST" duration-ms="69">
    <groups>
    </groups>
    <test started-at="2026-02-25T20:53:03 IST" name="Test" finished-at="2026-02-25T20:53:03 IST" duration-ms="69">
      <class name="testCases2.TestClass3">
        <test-method signature="method6()[pri:0, instance:testCases2.TestClass3@21de60b4]" started-at="2026-02-25T20:53:03 IST" name="method6" finished-at="2026-02-25T20:53:03 IST" duration-ms="10" status="PASS">
          <reporter-output>
          </reporter-output>
        </test-method> <!-- method6 -->
      </class> <!-- testCases2.TestClass3 -->
      <class name="testCases2.TestClass1">
        <test-method signature="method1()[pri:0, instance:testCases2.TestClass1@1ddf84b8]" started-at="2026-02-25T20:53:03 IST" name="method1" finished-at="2026-02-25T20:53:03 IST" duration-ms="1" status="PASS">
          <reporter-output>
          </reporter-output>
        </test-method> <!-- method1 -->
        <test-method signature="method2()[pri:0, instance:testCases2.TestClass1@1ddf84b8]" started-at="2026-02-25T20:53:03 IST" name="method2" finished-at="2026-02-25T20:53:03 IST" duration-ms="1" status="PASS">
          <reporter-output>
          </reporter-output>
        </test-method> <!-- method2 -->
      </class> <!-- testCases2.TestClass1 -->
      <class name="testCases2.TestClass2">
        <test-method signature="method3()[pri:0, instance:testCases2.TestClass2@1139b2f3]" started-at="2026-02-25T20:53:03 IST" name="method3" finished-at="2026-02-25T20:53:03 IST" duration-ms="1" status="PASS">
          <reporter-output>
          </reporter-output>
        </test-method> <!-- method3 -->
        <test-method signature="method4()[pri:0, instance:testCases2.TestClass2@1139b2f3]" started-at="2026-02-25T20:53:03 IST" name="method4" finished-at="2026-02-25T20:53:03 IST" duration-ms="1" status="PASS">
          <reporter-output>
          </reporter-output>
        </test-method> <!-- method4 -->
      </class> <!-- testCases2.TestClass2 -->
    </test> <!-- Test -->
  </suite> <!-- Suite -->
</testng-results>
